2015-05-06 14:46:04.934 [localhost-startStop-1] INFO  org.springframework.web.context.ContextLoader - Root WebApplicationContext: initialization started
2015-05-06 14:46:05.006 [localhost-startStop-1] INFO  org.springframework.web.context.support.XmlWebApplicationContext - Refreshing Root WebApplicationContext: startup date [Wed May 06 14:46:05 CST 2015]; root of context hierarchy
2015-05-06 14:46:05.047 [localhost-startStop-1] INFO  org.springframework.beans.factory.xml.XmlBeanDefinitionReader - Loading XML bean definitions from class path resource [spring-config.xml]
2015-05-06 14:46:05.385 [localhost-startStop-1] INFO  org.springframework.beans.factory.xml.XmlBeanDefinitionReader - Loading XML bean definitions from class path resource [spring-datasource.xml]
2015-05-06 14:46:05.943 [localhost-startStop-1] INFO  org.springframework.context.support.PropertySourcesPlaceholderConfigurer - Loading properties file from class path resource [config.properties]
2015-05-06 14:46:06.464 [localhost-startStop-1] INFO  com.alibaba.druid.pool.DruidDataSource - {dataSource-1} inited
2015-05-06 14:46:06.823 [localhost-startStop-1] INFO  org.hibernate.validator.internal.util.Version - HV000001: Hibernate Validator 5.0.2.Final
2015-05-06 14:46:06.957 [localhost-startStop-1] INFO  org.springframework.orm.jpa.LocalContainerEntityManagerFactoryBean - Building JPA container EntityManagerFactory for persistence unit 'com.chinesedreamer.jira'
2015-05-06 14:46:06.958 [localhost-startStop-1] WARN  org.hibernate.ejb.HibernatePersistence - HHH015016: Encountered a deprecated javax.persistence.spi.PersistenceProvider [org.hibernate.ejb.HibernatePersistence]; use [org.hibernate.jpa.HibernatePersistenceProvider] instead.
2015-05-06 14:46:07.084 [localhost-startStop-1] INFO  org.hibernate.Version - HHH000412: Hibernate Core {4.3.0.Final}
2015-05-06 14:46:07.087 [localhost-startStop-1] INFO  org.hibernate.cfg.Environment - HHH000206: hibernate.properties not found
2015-05-06 14:46:07.088 [localhost-startStop-1] INFO  org.hibernate.cfg.Environment - HHH000021: Bytecode provider name : javassist
2015-05-06 14:46:07.395 [localhost-startStop-1] INFO  org.hibernate.annotations.common.Version - HCANN000001: Hibernate Commons Annotations {4.0.4.Final}
2015-05-06 14:46:08.432 [localhost-startStop-1] INFO  org.hibernate.dialect.Dialect - HHH000400: Using dialect: org.hibernate.dialect.PostgreSQL9Dialect
2015-05-06 14:46:08.452 [localhost-startStop-1] INFO  org.hibernate.engine.jdbc.internal.LobCreatorBuilder - HHH000424: Disabling contextual LOB creation as createClob() method threw error : java.lang.reflect.InvocationTargetException
2015-05-06 14:46:08.656 [localhost-startStop-1] INFO  org.hibernate.hql.internal.ast.ASTQueryTranslatorFactory - HHH000397: Using ASTQueryTranslatorFactory
2015-05-06 14:46:10.507 [localhost-startStop-1] INFO  org.springframework.orm.jpa.LocalContainerEntityManagerFactoryBean - Closing JPA EntityManagerFactory for persistence unit 'com.chinesedreamer.jira'
2015-05-06 14:46:10.509 [localhost-startStop-1] INFO  com.alibaba.druid.pool.DruidDataSource - {dataSource-1} closed
2015-05-06 14:46:10.514 [localhost-startStop-1] ERROR org.springframework.web.context.ContextLoader - Context initialization failed
org.springframework.beans.factory.BeanCreationException: Error creating bean with name 'emailServiceImpl': Injection of resource dependencies failed; nested exception is org.springframework.beans.factory.NoSuchBeanDefinitionException: No qualifying bean of type [com.chinesedreamer.ipm.message.center.email.service.IpmEmailSender] found for dependency: expected at least 1 bean which qualifies as autowire candidate for this dependency. Dependency annotations: {@javax.annotation.Resource(shareable=true, mappedName=, description=, name=, type=class java.lang.Object, authenticationType=CONTAINER, lookup=)}
	at org.springframework.context.annotation.CommonAnnotationBeanPostProcessor.postProcessPropertyValues(CommonAnnotationBeanPostProcessor.java:307) ~[spring-context-4.0.0.RELEASE.jar:4.0.0.RELEASE]
	at org.springframework.beans.factory.support.AbstractAutowireCapableBeanFactory.populateBean(AbstractAutowireCapableBeanFactory.java:1185) ~[spring-beans-4.0.0.RELEASE.jar:4.0.0.RELEASE]
	at org.springframework.beans.factory.support.AbstractAutowireCapableBeanFactory.doCreateBean(AbstractAutowireCapableBeanFactory.java:537) ~[spring-beans-4.0.0.RELEASE.jar:4.0.0.RELEASE]
	at org.springframework.beans.factory.support.AbstractAutowireCapableBeanFactory.createBean(AbstractAutowireCapableBeanFactory.java:475) ~[spring-beans-4.0.0.RELEASE.jar:4.0.0.RELEASE]
	at org.springframework.beans.factory.support.AbstractBeanFactory$1.getObject(AbstractBeanFactory.java:304) ~[spring-beans-4.0.0.RELEASE.jar:4.0.0.RELEASE]
	at org.springframework.beans.factory.support.DefaultSingletonBeanRegistry.getSingleton(DefaultSingletonBeanRegistry.java:228) ~[spring-beans-4.0.0.RELEASE.jar:4.0.0.RELEASE]
	at org.springframework.beans.factory.support.AbstractBeanFactory.doGetBean(AbstractBeanFactory.java:300) ~[spring-beans-4.0.0.RELEASE.jar:4.0.0.RELEASE]
	at org.springframework.beans.factory.support.AbstractBeanFactory.getBean(AbstractBeanFactory.java:195) ~[spring-beans-4.0.0.RELEASE.jar:4.0.0.RELEASE]
	at org.springframework.beans.factory.support.DefaultListableBeanFactory.preInstantiateSingletons(DefaultListableBeanFactory.java:700) ~[spring-beans-4.0.0.RELEASE.jar:4.0.0.RELEASE]
	at org.springframework.context.support.AbstractApplicationContext.finishBeanFactoryInitialization(AbstractApplicationContext.java:760) ~[spring-context-4.0.0.RELEASE.jar:4.0.0.RELEASE]
	at org.springframework.context.support.AbstractApplicationContext.refresh(AbstractApplicationContext.java:482) ~[spring-context-4.0.0.RELEASE.jar:4.0.0.RELEASE]
	at org.springframework.web.context.ContextLoader.configureAndRefreshWebApplicationContext(ContextLoader.java:381) ~[spring-web-4.0.0.RELEASE.jar:4.0.0.RELEASE]
	at org.springframework.web.context.ContextLoader.initWebApplicationContext(ContextLoader.java:293) ~[spring-web-4.0.0.RELEASE.jar:4.0.0.RELEASE]
	at org.springframework.web.context.ContextLoaderListener.contextInitialized(ContextLoaderListener.java:106) [spring-web-4.0.0.RELEASE.jar:4.0.0.RELEASE]
	at org.apache.catalina.core.StandardContext.listenerStart(StandardContext.java:4939) [tomcat-embed-core-7.0.47.jar:7.0.47]
	at org.apache.catalina.core.StandardContext.startInternal(StandardContext.java:5434) [tomcat-embed-core-7.0.47.jar:7.0.47]
	at org.apache.catalina.util.LifecycleBase.start(LifecycleBase.java:150) [tomcat-embed-core-7.0.47.jar:7.0.47]
	at org.apache.catalina.core.ContainerBase$StartChild.call(ContainerBase.java:1559) [tomcat-embed-core-7.0.47.jar:7.0.47]
	at org.apache.catalina.core.ContainerBase$StartChild.call(ContainerBase.java:1549) [tomcat-embed-core-7.0.47.jar:7.0.47]
	at java.util.concurrent.FutureTask.run(FutureTask.java:262) [na:1.7.0_45]
	at java.util.concurrent.ThreadPoolExecutor.runWorker(ThreadPoolExecutor.java:1145) [na:1.7.0_45]
	at java.util.concurrent.ThreadPoolExecutor$Worker.run(ThreadPoolExecutor.java:615) [na:1.7.0_45]
	at java.lang.Thread.run(Thread.java:744) [na:1.7.0_45]
Caused by: org.springframework.beans.factory.NoSuchBeanDefinitionException: No qualifying bean of type [com.chinesedreamer.ipm.message.center.email.service.IpmEmailSender] found for dependency: expected at least 1 bean which qualifies as autowire candidate for this dependency. Dependency annotations: {@javax.annotation.Resource(shareable=true, mappedName=, description=, name=, type=class java.lang.Object, authenticationType=CONTAINER, lookup=)}
	at org.springframework.beans.factory.support.DefaultListableBeanFactory.raiseNoSuchBeanDefinitionException(DefaultListableBeanFactory.java:1100) ~[spring-beans-4.0.0.RELEASE.jar:4.0.0.RELEASE]
	at org.springframework.beans.factory.support.DefaultListableBeanFactory.doResolveDependency(DefaultListableBeanFactory.java:960) ~[spring-beans-4.0.0.RELEASE.jar:4.0.0.RELEASE]
	at org.springframework.beans.factory.support.DefaultListableBeanFactory.resolveDependency(DefaultListableBeanFactory.java:855) ~[spring-beans-4.0.0.RELEASE.jar:4.0.0.RELEASE]
	at org.springframework.context.annotation.CommonAnnotationBeanPostProcessor.autowireResource(CommonAnnotationBeanPostProcessor.java:441) ~[spring-context-4.0.0.RELEASE.jar:4.0.0.RELEASE]
	at org.springframework.context.annotation.CommonAnnotationBeanPostProcessor.getResource(CommonAnnotationBeanPostProcessor.java:419) ~[spring-context-4.0.0.RELEASE.jar:4.0.0.RELEASE]
	at org.springframework.context.annotation.CommonAnnotationBeanPostProcessor$ResourceElement.getResourceToInject(CommonAnnotationBeanPostProcessor.java:544) ~[spring-context-4.0.0.RELEASE.jar:4.0.0.RELEASE]
	at org.springframework.beans.factory.annotation.InjectionMetadata$InjectedElement.inject(InjectionMetadata.java:150) ~[spring-beans-4.0.0.RELEASE.jar:4.0.0.RELEASE]
	at org.springframework.beans.factory.annotation.InjectionMetadata.inject(InjectionMetadata.java:87) ~[spring-beans-4.0.0.RELEASE.jar:4.0.0.RELEASE]
	at org.springframework.context.annotation.CommonAnnotationBeanPostProcessor.postProcessPropertyValues(CommonAnnotationBeanPostProcessor.java:304) ~[spring-context-4.0.0.RELEASE.jar:4.0.0.RELEASE]
	... 22 common frames omitted
